<?xml version="1.0" encoding="UTF-8"?>
<testsuite name="com.example.glyph_d6.ExampleUnitTest" tests="1" skipped="0" failures="0" errors="0" timestamp="2025-07-22T16:21:00.277Z" hostname="PARADOX" time="0.005">
  <properties/>
  <testcase name="addition_isCorrect" classname="com.example.glyph_d6.ExampleUnitTest" time="0.005"/>
  <system-out><![CDATA[]]></system-out>
  <system-err><![CDATA[]]></system-err>
</testsuite>
